14:11:33.928 [main] INFO  testCases.TC_002_LoginTest - **** Validating the actual and expected result ****
14:11:33.933 [main] INFO  testCases.TC_002_LoginTest - **** Ending TC_002_LoginTest ****
14:11:37.407 [main] INFO  testCases.TC_003_LoginDataDrivenTest -  Starting TC_003_LoginDataDrivenTest 
14:11:47.958 [main] INFO  testCases.TC_003_LoginDataDrivenTest -  Finished TC_003_LoginDataDrivenTest
14:11:47.959 [main] INFO  testCases.TC_003_LoginDataDrivenTest -  Starting TC_003_LoginDataDrivenTest 
14:11:58.387 [main] INFO  testCases.TC_003_LoginDataDrivenTest -  Finished TC_003_LoginDataDrivenTest
14:11:58.388 [main] INFO  testCases.TC_003_LoginDataDrivenTest -  Starting TC_003_LoginDataDrivenTest 
14:12:08.817 [main] INFO  testCases.TC_003_LoginDataDrivenTest -  Finished TC_003_LoginDataDrivenTest
14:12:08.819 [main] INFO  testCases.TC_003_LoginDataDrivenTest -  Starting TC_003_LoginDataDrivenTest 
14:12:09.279 [main] INFO  testCases.TC_003_LoginDataDrivenTest -  Finished TC_003_LoginDataDrivenTest
14:12:59.245 [main] INFO  testCases.TC_001_AccountRegistrationTest - **** Starting logging for account registration test --> TC_001_AccountRegistrationTest ****
14:12:59.298 [main] INFO  testCases.TC_001_AccountRegistrationTest - Clicked on My Account link
14:12:59.504 [main] INFO  testCases.TC_001_AccountRegistrationTest - Clicked on Register Link
14:12:59.505 [main] INFO  testCases.TC_001_AccountRegistrationTest - Providing customer data
14:12:59.795 [main] INFO  testCases.TC_001_AccountRegistrationTest - Policy box checked
14:13:02.035 [main] INFO  testCases.TC_001_AccountRegistrationTest - Clicking on continue button
14:13:02.036 [main] INFO  testCases.TC_001_AccountRegistrationTest - Validating the expected message
14:13:03.069 [main] INFO  testCases.TC_001_AccountRegistrationTest - **** Finishing logging for account registration test --> TC_001_AccountRegistrationTest ****
14:13:05.965 [main] INFO  testCases.TC_002_LoginTest - **** Starting TC_002_LoginTest ****
14:13:05.966 [main] INFO  testCases.TC_002_LoginTest - **** Clicking on my account button ****
14:13:06.006 [main] INFO  testCases.TC_002_LoginTest - **** Clicking on login button ****
14:13:06.210 [main] INFO  testCases.TC_002_LoginTest - **** Entering user email ****
14:13:06.266 [main] INFO  testCases.TC_002_LoginTest - **** Entering user password ****
14:13:06.308 [main] INFO  testCases.TC_002_LoginTest - **** Clicking login button ****
14:13:06.519 [main] INFO  testCases.TC_002_LoginTest - **** Validating the actual and expected result ****
14:13:06.519 [main] INFO  testCases.TC_002_LoginTest - **** Ending TC_002_LoginTest ****
14:13:10.077 [main] INFO  testCases.TC_003_LoginDataDrivenTest -  Starting TC_003_LoginDataDrivenTest 
14:13:20.588 [main] INFO  testCases.TC_003_LoginDataDrivenTest -  Finished TC_003_LoginDataDrivenTest
14:13:20.589 [main] INFO  testCases.TC_003_LoginDataDrivenTest -  Starting TC_003_LoginDataDrivenTest 
14:13:31.006 [main] INFO  testCases.TC_003_LoginDataDrivenTest -  Finished TC_003_LoginDataDrivenTest
14:13:31.006 [main] INFO  testCases.TC_003_LoginDataDrivenTest -  Starting TC_003_LoginDataDrivenTest 
14:13:41.442 [main] INFO  testCases.TC_003_LoginDataDrivenTest -  Finished TC_003_LoginDataDrivenTest
14:13:41.443 [main] INFO  testCases.TC_003_LoginDataDrivenTest -  Starting TC_003_LoginDataDrivenTest 
14:13:41.901 [main] INFO  testCases.TC_003_LoginDataDrivenTest -  Finished TC_003_LoginDataDrivenTest
